
---------------------------------------

Reading document : Start.
Reading document : End.

---------------------------------------

Verifying document : Start.
Verifying document : End.

---------------------------------------

Machine initialization : Start.
Warning : Machine : PP Word Table not found at the specified place  
Machine initialization : End.

---------------------------------------


Generating NC code file : Start.

Information: ** activity Manufacturing Program.1 : INIT. ** 

Information: ** activity Tool Change.1 : INIT. ** 
Information: ** Machining and total time  : 0s , 0s . ** 
Information: ** activity Tool Change.1 : END . ** 

Information: ** activity 1st Groove Profile Contouring.1 : INIT. ** 
Information: ** Machining and total time  : 54s , 1mn 2s . ** 
Information: ** activity 1st Groove Profile Contouring.1 : END . ** 

Information: ** activity 1st Curve Multi-Axis Curve Machining.1 : INIT. ** 
Information: ** Machining and total time  : 56s , 1mn 4s . ** 
Information: ** activity 1st Curve Multi-Axis Curve Machining.1 : END . ** 

Information: ** activity 1st Curve Filler Multi-Axis Curve Machining.1 : INIT. ** 
Information: ** Machining and total time  : 1mn 3s , 1mn 15s . ** 
Information: ** activity 1st Curve Filler Multi-Axis Curve Machining.1 : END . ** 

Information: ** activity 1st Curve Filler 2 Multi-Axis Curve Machining.1 : INIT. ** 
Information: ** Machining and total time  : 49s , 1mn 1s . ** 
Information: ** activity 1st Curve Filler 2 Multi-Axis Curve Machining.1 : END . ** 

Information: ** activity 1st Straight Cut Multi-Axis Curve Machining.2 : INIT. ** 
Information: ** Machining and total time  : 24s , 32s . ** 
Information: ** activity 1st Straight Cut Multi-Axis Curve Machining.2 : END . ** 

Information: ** activity 1st Straight Filler Multi-Axis Curve Machining.19 : INIT. ** 
Information: ** Machining and total time  : 1mn 2s , 1mn 3s . ** 
Information: ** activity 1st Straight Filler Multi-Axis Curve Machining.19 : END . ** 
Warning: activity Just to see center cut out Multi-Axis Curve Machining.7 is not active.

Information: ** activity 2nd Groove Profile Contouring.1 : INIT. ** 
Information: ** Machining and total time  : 54s , 1mn 2s . ** 
Information: ** activity 2nd Groove Profile Contouring.1 : END . ** 

Information: ** activity 2nd Curve Multi-Axis Curve Machining.1 : INIT. ** 
Information: ** Machining and total time  : 56s , 1mn 4s . ** 
Information: ** activity 2nd Curve Multi-Axis Curve Machining.1 : END . ** 

Information: ** activity 2nd Curve Filler Multi-Axis Curve Machining.1 : INIT. ** 
Information: ** Machining and total time  : 1mn 3s , 1mn 15s . ** 
Information: ** activity 2nd Curve Filler Multi-Axis Curve Machining.1 : END . ** 

Information: ** activity 2nd Curve Filler 2 Multi-Axis Curve Machining.1 : INIT. ** 
Information: ** Machining and total time  : 42s , 53s . ** 
Information: ** activity 2nd Curve Filler 2 Multi-Axis Curve Machining.1 : END . ** 

Information: ** activity 2nd Straight Cut Multi-Axis Curve Machining.2 : INIT. ** 
Information: ** Machining and total time  : 24s , 32s . ** 
Information: ** activity 2nd Straight Cut Multi-Axis Curve Machining.2 : END . ** 

Information: ** activity 2nd Straight Filler Multi-Axis Curve Machining.19 : INIT. ** 
Information: ** Machining and total time  : 1mn 3s , 1mn 4s . ** 
Information: ** activity 2nd Straight Filler Multi-Axis Curve Machining.19 : END . ** 
Information: ** activity Manufacturing Program.1 : END . ** 
Generating NC code file : End.

---------------------------------------


---------------------------------------

End of Batch.

---------------------------------------

