
---------------------------------------

Reading document : Start.
Reading document : End.

---------------------------------------

Verifying document : Start.
Verifying document : End.

---------------------------------------

Machine initialization : Start.
Warning : Machine : PP Word Table not found at the specified place  
Machine initialization : End.

---------------------------------------


Generating NC code file : Start.

Information: ** activity cp : INIT. ** 
Warning: activity Part Operation.1 is not complete.
Warning: activity Part Operation.1 is not up to date.

Information: ** activity Tool Change.1 : INIT. ** 
Information: ** Machining and total time  : 0s , 0s . ** 
Information: ** activity Tool Change.1 : END . ** 

Information: ** activity 1st Groove Profile Contouring.6 : INIT. ** 
Information: ** Machining and total time  : 3mn 34s , 3mn 47s . ** 
Information: ** activity 1st Groove Profile Contouring.6 : END . ** 

Information: ** activity 1st Short Slope Multi-Axis Curve Machining.28 : INIT. ** 
Information: ** Machining and total time  : 35s , 48s . ** 
Information: ** activity 1st Short Slope Multi-Axis Curve Machining.28 : END . ** 

Information: ** activity 1st Short Round Multi-Axis Curve Machining.34 : INIT. ** 
Information: ** Machining and total time  : 21s , 32s . ** 
Information: ** activity 1st Short Round Multi-Axis Curve Machining.34 : END . ** 

Information: ** activity 1st Long Slope Multi-Axis Curve Machining.19 : INIT. ** 
Information: ** Machining and total time  : 15s , 22s . ** 
Information: ** activity 1st Long Slope Multi-Axis Curve Machining.19 : END . ** 

Information: ** activity 1st Long Round 0Multi-Axis Curve Machining.27 : INIT. ** 
Information: ** Machining and total time  : 21s , 31s . ** 
Information: ** activity 1st Long Round 0Multi-Axis Curve Machining.27 : END . ** 

Information: ** activity 1st Straight Main Multi-Axis Curve Machining.30 : INIT. ** 
Information: ** Machining and total time  : 9s , 17s . ** 
Information: ** activity 1st Straight Main Multi-Axis Curve Machining.30 : END . ** 

Information: ** activity 1st Long Round 1Multi-Axis Curve Machining.31 : INIT. ** 
Information: ** Machining and total time  : 29s , 38s . ** 
Information: ** activity 1st Long Round 1Multi-Axis Curve Machining.31 : END . ** 

Information: ** activity 1st Long Round 2Multi-Axis Curve Machining.32 : INIT. ** 
Information: ** Machining and total time  : 24s , 34s . ** 
Information: ** activity 1st Long Round 2Multi-Axis Curve Machining.32 : END . ** 
Warning: activity 1st Long Round 3Multi-Axis Curve Machining.33 is not active.

Information: ** activity 2nd Groove Profile Contouring.7 : INIT. ** 
Information: ** Machining and total time  : 4mn 45s , 5mn 1s . ** 
Information: ** activity 2nd Groove Profile Contouring.7 : END . ** 

Information: ** activity 2nd Short Slope Multi-Axis Curve Machining.15 : INIT. ** 
Information: ** Machining and total time  : 34s , 44s . ** 
Information: ** activity 2nd Short Slope Multi-Axis Curve Machining.15 : END . ** 

Information: ** activity 2nd Short Round Multi-Axis Curve Machining.35 : INIT. ** 
Information: ** Machining and total time  : 21s , 32s . ** 
Information: ** activity 2nd Short Round Multi-Axis Curve Machining.35 : END . ** 

Information: ** activity 2nd Long Slope Multi-Axis Curve Machining.19 : INIT. ** 
Information: ** Machining and total time  : 15s , 23s . ** 
Information: ** activity 2nd Long Slope Multi-Axis Curve Machining.19 : END . ** 

Information: ** activity 2nd Long Round 0Multi-Axis Curve Machining.25 : INIT. ** 
Information: ** Machining and total time  : 29s , 40s . ** 
Information: ** activity 2nd Long Round 0Multi-Axis Curve Machining.25 : END . ** 

Information: ** activity 2nd Straight Main Multi-Axis Curve Machining.26 : INIT. ** 
Information: ** Machining and total time  : 9s , 17s . ** 
Information: ** activity 2nd Straight Main Multi-Axis Curve Machining.26 : END . ** 

Information: ** activity 2nd Long Round 1Multi-Axis Curve Machining.31 : INIT. ** 
Information: ** Machining and total time  : 29s , 38s . ** 
Information: ** activity 2nd Long Round 1Multi-Axis Curve Machining.31 : END . ** 

Information: ** activity 2nd Long Round 2Multi-Axis Curve Machining.32 : INIT. ** 
Information: ** Machining and total time  : 24s , 34s . ** 
Information: ** activity 2nd Long Round 2Multi-Axis Curve Machining.32 : END . ** 
Warning: activity 2nd Long Round 3Multi-Axis Curve Machining.33 is not active.
Information: ** activity cp : END . ** 
Generating NC code file : End.

---------------------------------------


---------------------------------------

End of Batch.

---------------------------------------

